[debug] ----------------------------------------------------------------------
[debug] Command:      /usr/local/bin/node /usr/local/bin/firebase deploy
[debug] CLI Version:  3.2.3
[debug] Platform:     darwin
[debug] Node Version: v6.3.1
[debug] Time:         Thu Jun 01 2017 13:38:52 GMT-0500 (CDT)
[debug] ----------------------------------------------------------------------
[debug] 
[debug] > command requires scopes: ["email","openid","https://www.googleapis.com/auth/cloudplatformprojects.readonly","https://www.googleapis.com/auth/firebase"]
[debug] >>> HTTP REQUEST GET https://admin.firebase.com/v1/projects/ember-portfolio-36de9  
 Thu Jun 01 2017 13:38:52 GMT-0500 (CDT)
[debug] <<< HTTP RESPONSE 200
[debug] >>> HTTP REQUEST GET https://admin.firebase.com/v1/database/ember-portfolio-36de9/tokens  
 Thu Jun 01 2017 13:38:53 GMT-0500 (CDT)
[debug] <<< HTTP RESPONSE 200
[info] 
[info] === Deploying to 'ember-portfolio-36de9'...
[info] 
[info] i  deploying database, hosting
[info] ✔  database: rules ready to deploy.
[info] i  hosting: preparing dist directory for upload...
[debug] >>> HTTP REQUEST PUT https://deploy.firebase.com/v1/hosting/ember-portfolio-36de9/uploads/-KlZwzhFn0s15r_e81o5?fileCount=37&message=  
 Thu Jun 01 2017 13:38:58 GMT-0500 (CDT)
